app/build/outputs/logs/manifest-merger-debug-report.txt
-- Merging decision tree log ---
manifest
ADDED from src/main/AndroidManifest.xml:2:1-272:12
	xmlns:android
		ADDED from src/main/AndroidManifest.xml:2:11-69
	package
		ADDED from src/main/AndroidManifest.xml:3:5-36
		INJECTED from src/main/AndroidManifest.xml
		INJECTED from src/main/AndroidManifest.xml
	android:versionName
		INJECTED from src/main/AndroidManifest.xml
		INJECTED from src/main/AndroidManifest.xml
	android:versionCode
		INJECTED from src/main/AndroidManifest.xml
		INJECTED from src/main/AndroidManifest.xml
uses-permission#android.permission.WRITE_SETTINGS
ADDED from src/main/AndroidManifest.xml:6:5-73
	android:name
		ADDED from src/main/AndroidManifest.xml:6:22-70
uses-permission#android.permission.INTERNET
ADDED from src/main/AndroidManifest.xml:7:5-67
	android:name
		ADDED from src/main/AndroidManifest.xml:7:22-64
uses-permission#android.permission.READ_PHONE_STATE
ADDED from src/main/AndroidManifest.xml:8:5-75
	android:name
		ADDED from src/main/AndroidManifest.xml:8:22-72
uses-permission#android.permission.ACCESS_NETWORK_STATE
ADDED from src/main/AndroidManifest.xml:9:5-79
	android:name
		ADDED from src/main/AndroidManifest.xml:9:22-76
uses-permission#android.permission.CHANGE_WIFI_STATE
ADDED from src/main/AndroidManifest.xml:10:5-76
	android:name
		ADDED from src/main/AndroidManifest.xml:10:22-73
uses-permission#android.permission.WAKE_LOCK
ADDED from src/main/AndroidManifest.xml:11:5-68
	android:name
		ADDED from src/main/AndroidManifest.xml:11:22-65
uses-permission#android.permission.RECEIVE_BOOT_COMPLETED
ADDED from src/main/AndroidManifest.xml:12:5-81
	android:name
		ADDED from src/main/AndroidManifest.xml:12:22-78
uses-permission#android.permission.WRITE_EXTERNAL_STORAGE
ADDED from src/main/AndroidManifest.xml:13:5-81
	android:name
		ADDED from src/main/AndroidManifest.xml:13:22-78
uses-permission#android.permission.VIBRATE
ADDED from src/main/AndroidManifest.xml:14:5-66
	android:name
		ADDED from src/main/AndroidManifest.xml:14:22-63
uses-permission#android.permission.ACCESS_WIFI_STATE
ADDED from src/main/AndroidManifest.xml:15:5-76
	android:name
		ADDED from src/main/AndroidManifest.xml:15:22-73
uses-permission#getui.permission.GetuiService.demo.hpg.org.pauldemo
ADDED from src/main/AndroidManifest.xml:16:5-91
	android:name
		ADDED from src/main/AndroidManifest.xml:16:22-88
uses-permission#android.permission.GET_TASKS
ADDED from src/main/AndroidManifest.xml:17:5-68
	android:name
		ADDED from src/main/AndroidManifest.xml:17:22-65
uses-permission#android.permission.CHANGE_WIFI_MULTICAST_STATE
ADDED from src/main/AndroidManifest.xml:18:5-86
	android:name
		ADDED from src/main/AndroidManifest.xml:18:22-83
permission#getui.permission.GetuiService.demo.hpg.org.pauldemo
ADDED from src/main/AndroidManifest.xml:22:5-24:55
	android:protectionLevel
		ADDED from src/main/AndroidManifest.xml:24:9-41
	android:name
		ADDED from src/main/AndroidManifest.xml:23:9-75
application
ADDED from src/main/AndroidManifest.xml:27:5-270:19
MERGED from [com.android.support:recyclerview-v7:21.0.2] AndroidManifest.xml:17:5-19:19
MERGED from [com.android.support:support-v4:23.1.1] AndroidManifest.xml:22:5-20
MERGED from [com.android.support:appcompat-v7:21.0.2] AndroidManifest.xml:16:5-19
MERGED from [com.android.support:support-v4:23.1.1] AndroidManifest.xml:22:5-20
MERGED from [PaulDemo:sugar:unspecified] AndroidManifest.xml:11:5-15:19
MERGED from [com.android.support:appcompat-v7:21.0.2] AndroidManifest.xml:16:5-19
MERGED from [com.android.support:support-v4:23.1.1] AndroidManifest.xml:22:5-20
MERGED from [PaulDemo:circleindicator:unspecified] AndroidManifest.xml:11:5-15:19
MERGED from [com.android.support:appcompat-v7:21.0.2] AndroidManifest.xml:16:5-19
MERGED from [com.android.support:support-v4:23.1.1] AndroidManifest.xml:22:5-20
MERGED from [PaulDemo:utils:unspecified] AndroidManifest.xml:11:5-15:19
MERGED from [com.android.support:appcompat-v7:21.0.2] AndroidManifest.xml:16:5-19
MERGED from [com.android.support:support-v4:23.1.1] AndroidManifest.xml:22:5-20
MERGED from [com.android.support:support-v4:23.1.1] AndroidManifest.xml:22:5-20
	android:label
		ADDED from src/main/AndroidManifest.xml:31:9-41
	android:allowBackup
		ADDED from src/main/AndroidManifest.xml:29:9-35
	android:icon
		ADDED from src/main/AndroidManifest.xml:30:9-45
	android:theme
		ADDED from src/main/AndroidManifest.xml:32:9-40
	android:name
		ADDED from src/main/AndroidManifest.xml:28:9-38
activity#demo.hpg.org.pauldemo.MainActivity
ADDED from src/main/AndroidManifest.xml:33:9-41:20
	android:label
		ADDED from src/main/AndroidManifest.xml:35:13-45
	android:name
		ADDED from src/main/AndroidManifest.xml:34:13-41
intent-filter#android.intent.action.MAIN+android.intent.category.LAUNCHER
ADDED from src/main/AndroidManifest.xml:36:13-40:29
action#android.intent.action.MAIN
ADDED from src/main/AndroidManifest.xml:37:17-69
	android:name
		ADDED from src/main/AndroidManifest.xml:37:25-66
category#android.intent.category.LAUNCHER
ADDED from src/main/AndroidManifest.xml:39:17-77
	android:name
		ADDED from src/main/AndroidManifest.xml:39:27-74
activity#demo.hpg.org.pauldemo.system.lightcontrol.LightControlActivity
ADDED from src/main/AndroidManifest.xml:43:9-45:57
	android:label
		ADDED from src/main/AndroidManifest.xml:45:13-45
	android:name
		ADDED from src/main/AndroidManifest.xml:44:13-69
activity#demo.hpg.org.pauldemo.system.getphoto.GetPhotoActivity
ADDED from src/main/AndroidManifest.xml:47:9-49:57
	android:label
		ADDED from src/main/AndroidManifest.xml:49:13-45
	android:name
		ADDED from src/main/AndroidManifest.xml:48:13-61
activity#demo.hpg.org.pauldemo.network.volley.VolleyActivity
ADDED from src/main/AndroidManifest.xml:51:9-53:57
	android:label
		ADDED from src/main/AndroidManifest.xml:53:13-45
	android:name
		ADDED from src/main/AndroidManifest.xml:52:13-58
activity#demo.hpg.org.pauldemo.sugarorm.SugarActivity
ADDED from src/main/AndroidManifest.xml:55:9-57:57
	android:label
		ADDED from src/main/AndroidManifest.xml:57:13-45
	android:name
		ADDED from src/main/AndroidManifest.xml:56:13-51
activity#demo.hpg.org.pauldemo.view.moveview.MoveViewActivity
ADDED from src/main/AndroidManifest.xml:58:9-60:57
	android:label
		ADDED from src/main/AndroidManifest.xml:60:13-45
	android:name
		ADDED from src/main/AndroidManifest.xml:59:13-59
activity#demo.hpg.org.pauldemo.view.swiperefresh.SwipeRefreshActivity
ADDED from src/main/AndroidManifest.xml:61:9-63:57
	android:label
		ADDED from src/main/AndroidManifest.xml:63:13-45
	android:name
		ADDED from src/main/AndroidManifest.xml:62:13-67
activity#demo.hpg.org.pauldemo.view.circleindicator.ViewpagerIndicatorActivity
ADDED from src/main/AndroidManifest.xml:64:9-66:57
	android:label
		ADDED from src/main/AndroidManifest.xml:66:13-45
	android:name
		ADDED from src/main/AndroidManifest.xml:65:13-76
activity#demo.hpg.org.pauldemo.imagecompress.ImageCompressActivity
ADDED from src/main/AndroidManifest.xml:67:9-69:57
	android:label
		ADDED from src/main/AndroidManifest.xml:69:13-45
	android:name
		ADDED from src/main/AndroidManifest.xml:68:13-64
activity#demo.hpg.org.pauldemo.system.wifimanager.WifiManagerActivity
ADDED from src/main/AndroidManifest.xml:70:9-72:57
	android:label
		ADDED from src/main/AndroidManifest.xml:72:13-45
	android:name
		ADDED from src/main/AndroidManifest.xml:71:13-67
activity#demo.hpg.org.pauldemo.wifimanager.WifiApActivity
ADDED from src/main/AndroidManifest.xml:73:9-75:57
	android:label
		ADDED from src/main/AndroidManifest.xml:75:13-45
	android:name
		ADDED from src/main/AndroidManifest.xml:74:13-55
activity#demo.hpg.org.pauldemo.system.file.FileActivity
ADDED from src/main/AndroidManifest.xml:76:9-78:57
	android:label
		ADDED from src/main/AndroidManifest.xml:78:13-45
	android:name
		ADDED from src/main/AndroidManifest.xml:77:13-53
activity#demo.hpg.org.pauldemo.anim.AnimationActivity
ADDED from src/main/AndroidManifest.xml:79:9-82:61
	android:label
		ADDED from src/main/AndroidManifest.xml:81:13-45
	android:theme
		ADDED from src/main/AndroidManifest.xml:82:13-49
	android:name
		ADDED from src/main/AndroidManifest.xml:80:13-51
activity#demo.hpg.org.pauldemo.view.webview.MyWebview
ADDED from src/main/AndroidManifest.xml:83:9-85:57
	android:label
		ADDED from src/main/AndroidManifest.xml:85:13-45
	android:name
		ADDED from src/main/AndroidManifest.xml:84:13-51
activity#demo.hpg.org.pauldemo.network.upload.UploadActivity
ADDED from src/main/AndroidManifest.xml:86:9-88:57
	android:label
		ADDED from src/main/AndroidManifest.xml:88:13-45
	android:name
		ADDED from src/main/AndroidManifest.xml:87:13-58
activity#demo.hpg.org.pauldemo.view.tanxingscrollview.ElasticScrollViewActivity
ADDED from src/main/AndroidManifest.xml:89:9-91:57
	android:label
		ADDED from src/main/AndroidManifest.xml:91:13-45
	android:name
		ADDED from src/main/AndroidManifest.xml:90:13-77
activity#demo.hpg.org.pauldemo.view.slidingfinish.SlidingActivity
ADDED from src/main/AndroidManifest.xml:92:9-94:57
	android:label
		ADDED from src/main/AndroidManifest.xml:94:13-45
	android:name
		ADDED from src/main/AndroidManifest.xml:93:13-63
activity#demo.hpg.org.pauldemo.view.slidingfinish.AbsActivity
ADDED from src/main/AndroidManifest.xml:95:9-97:57
	android:label
		ADDED from src/main/AndroidManifest.xml:97:13-45
	android:name
		ADDED from src/main/AndroidManifest.xml:96:13-59
activity#demo.hpg.org.pauldemo.view.slidingfinish.NormalActivity
ADDED from src/main/AndroidManifest.xml:98:9-100:57
	android:label
		ADDED from src/main/AndroidManifest.xml:100:13-45
	android:name
		ADDED from src/main/AndroidManifest.xml:99:13-62
activity#demo.hpg.org.pauldemo.view.slidingfinish.ScrollActivity
ADDED from src/main/AndroidManifest.xml:101:9-103:57
	android:label
		ADDED from src/main/AndroidManifest.xml:103:13-45
	android:name
		ADDED from src/main/AndroidManifest.xml:102:13-62
activity#demo.hpg.org.pauldemo.view.slidingfinish.ViewPagerActivity
ADDED from src/main/AndroidManifest.xml:104:9-106:57
	android:label
		ADDED from src/main/AndroidManifest.xml:106:13-45
	android:name
		ADDED from src/main/AndroidManifest.xml:105:13-65
activity#demo.hpg.org.pauldemo.js.JSActivity
ADDED from src/main/AndroidManifest.xml:107:9-109:57
	android:label
		ADDED from src/main/AndroidManifest.xml:109:13-45
	android:name
		ADDED from src/main/AndroidManifest.xml:108:13-42
activity#demo.hpg.org.pauldemo.view.dialog.DialogActivity
ADDED from src/main/AndroidManifest.xml:110:9-112:57
	android:label
		ADDED from src/main/AndroidManifest.xml:112:13-45
	android:name
		ADDED from src/main/AndroidManifest.xml:111:13-55
activity#demo.hpg.org.pauldemo.network.okhttp.OkHttpActivity
ADDED from src/main/AndroidManifest.xml:113:9-115:57
	android:label
		ADDED from src/main/AndroidManifest.xml:115:13-45
	android:name
		ADDED from src/main/AndroidManifest.xml:114:13-58
activity#demo.hpg.org.pauldemo.view.requestlayout.RequestLayoutActivity
ADDED from src/main/AndroidManifest.xml:116:9-118:57
	android:label
		ADDED from src/main/AndroidManifest.xml:118:13-45
	android:name
		ADDED from src/main/AndroidManifest.xml:117:13-69
activity#demo.hpg.org.pauldemo.imagecache.ImageCacheActivity
ADDED from src/main/AndroidManifest.xml:119:9-121:57
	android:label
		ADDED from src/main/AndroidManifest.xml:121:13-45
	android:name
		ADDED from src/main/AndroidManifest.xml:120:13-58
activity#demo.hpg.org.pauldemo.view.touch.TouchActivity
ADDED from src/main/AndroidManifest.xml:122:9-124:57
	android:label
		ADDED from src/main/AndroidManifest.xml:124:13-45
	android:name
		ADDED from src/main/AndroidManifest.xml:123:13-53
activity#demo.hpg.org.pauldemo.view.stickscroll.StickyScrollActivity
ADDED from src/main/AndroidManifest.xml:125:9-127:57
	android:label
		ADDED from src/main/AndroidManifest.xml:127:13-45
	android:name
		ADDED from src/main/AndroidManifest.xml:126:13-66
activity#demo.hpg.org.pauldemo.view.clip.ClipActivity
ADDED from src/main/AndroidManifest.xml:128:9-130:57
	android:label
		ADDED from src/main/AndroidManifest.xml:130:13-45
	android:name
		ADDED from src/main/AndroidManifest.xml:129:13-51
activity#demo.hpg.org.pauldemo.view.nostatus.NoStatusActivity
ADDED from src/main/AndroidManifest.xml:131:9-133:57
	android:label
		ADDED from src/main/AndroidManifest.xml:133:13-45
	android:name
		ADDED from src/main/AndroidManifest.xml:132:13-59
activity#demo.hpg.org.pauldemo.view.recycleview.RecycleActivity
ADDED from src/main/AndroidManifest.xml:134:9-136:57
	android:label
		ADDED from src/main/AndroidManifest.xml:136:13-45
	android:name
		ADDED from src/main/AndroidManifest.xml:135:13-61
activity#demo.hpg.org.pauldemo.rxjava.RxJavaActivity
ADDED from src/main/AndroidManifest.xml:137:9-140:57
	android:label
		ADDED from src/main/AndroidManifest.xml:140:13-45
	android:theme
		ADDED from src/main/AndroidManifest.xml:139:13-49
	android:name
		ADDED from src/main/AndroidManifest.xml:138:13-50
activity#demo.hpg.org.pauldemo.view.swipelayout.SwipeLayoutActivity
ADDED from src/main/AndroidManifest.xml:141:9-144:57
	android:label
		ADDED from src/main/AndroidManifest.xml:144:13-45
	android:theme
		ADDED from src/main/AndroidManifest.xml:143:13-49
	android:name
		ADDED from src/main/AndroidManifest.xml:142:13-65
activity#demo.hpg.org.pauldemo.view.pulltozoom.PullToZoomActivity
ADDED from src/main/AndroidManifest.xml:145:9-148:57
	android:label
		ADDED from src/main/AndroidManifest.xml:148:13-45
	android:theme
		ADDED from src/main/AndroidManifest.xml:147:13-49
	android:name
		ADDED from src/main/AndroidManifest.xml:146:13-63
activity#demo.hpg.org.pauldemo.anim.property.PropertyActivity
ADDED from src/main/AndroidManifest.xml:149:9-151:57
	android:label
		ADDED from src/main/AndroidManifest.xml:151:13-45
	android:name
		ADDED from src/main/AndroidManifest.xml:150:13-59
activity#demo.hpg.org.pauldemo.overtime.OverTimeActivity
ADDED from src/main/AndroidManifest.xml:152:9-154:57
	android:label
		ADDED from src/main/AndroidManifest.xml:154:13-45
	android:name
		ADDED from src/main/AndroidManifest.xml:153:13-54
activity#demo.hpg.org.pauldemo.media.autio.AudioActivity
ADDED from src/main/AndroidManifest.xml:155:9-157:57
	android:label
		ADDED from src/main/AndroidManifest.xml:157:13-45
	android:name
		ADDED from src/main/AndroidManifest.xml:156:13-54
activity#demo.hpg.org.pauldemo.media.video.VideoActivity
ADDED from src/main/AndroidManifest.xml:158:9-160:57
	android:label
		ADDED from src/main/AndroidManifest.xml:160:13-45
	android:name
		ADDED from src/main/AndroidManifest.xml:159:13-54
activity#demo.hpg.org.pauldemo.getuipush.GetuiPushActivity
ADDED from src/main/AndroidManifest.xml:162:9-164:57
	android:label
		ADDED from src/main/AndroidManifest.xml:164:13-45
	android:name
		ADDED from src/main/AndroidManifest.xml:163:13-56
receiver#demo.hpg.org.pauldemo.getuipush.GetuiPushReceiver
ADDED from src/main/AndroidManifest.xml:166:9-173:20
	android:exported
		ADDED from src/main/AndroidManifest.xml:168:13-37
	android:name
		ADDED from src/main/AndroidManifest.xml:167:13-56
intent-filter#com.igexin.sdk.action.syVq0NWMgYAJFW9JeeJRw9
ADDED from src/main/AndroidManifest.xml:169:13-172:29
action#com.igexin.sdk.action.syVq0NWMgYAJFW9JeeJRw9
ADDED from src/main/AndroidManifest.xml:171:17-87
	android:name
		ADDED from src/main/AndroidManifest.xml:171:25-84
meta-data#PUSH_APPID
ADDED from src/main/AndroidManifest.xml:175:9-177:54
	android:name
		ADDED from src/main/AndroidManifest.xml:176:13-38
	android:value
		ADDED from src/main/AndroidManifest.xml:177:13-51
meta-data#PUSH_APPKEY
ADDED from src/main/AndroidManifest.xml:179:9-181:54
	android:name
		ADDED from src/main/AndroidManifest.xml:180:13-39
	android:value
		ADDED from src/main/AndroidManifest.xml:181:13-51
meta-data#PUSH_APPSECRET
ADDED from src/main/AndroidManifest.xml:183:9-185:53
	android:name
		ADDED from src/main/AndroidManifest.xml:184:13-42
	android:value
		ADDED from src/main/AndroidManifest.xml:185:13-50
meta-data#PUSH_GROUPID
ADDED from src/main/AndroidManifest.xml:187:9-189:32
	android:name
		ADDED from src/main/AndroidManifest.xml:188:13-40
	android:value
		ADDED from src/main/AndroidManifest.xml:189:13-29
service#com.igexin.sdk.PushService
ADDED from src/main/AndroidManifest.xml:190:9-194:54
	android:label
		ADDED from src/main/AndroidManifest.xml:193:13-47
	android:process
		ADDED from src/main/AndroidManifest.xml:194:13-43
	android:exported
		ADDED from src/main/AndroidManifest.xml:192:13-36
	android:name
		ADDED from src/main/AndroidManifest.xml:191:13-54
receiver#com.igexin.sdk.PushReceiver
ADDED from src/main/AndroidManifest.xml:196:9-203:20
	android:name
		ADDED from src/main/AndroidManifest.xml:196:19-61
intent-filter#android.intent.action.BOOT_COMPLETED+android.intent.action.USER_PRESENT+android.net.conn.CONNECTIVITY_CHANGE+com.igexin.sdk.action.refreshls
ADDED from src/main/AndroidManifest.xml:197:13-202:29
action#android.intent.action.BOOT_COMPLETED
ADDED from src/main/AndroidManifest.xml:198:17-79
	android:name
		ADDED from src/main/AndroidManifest.xml:198:25-76
action#android.net.conn.CONNECTIVITY_CHANGE
ADDED from src/main/AndroidManifest.xml:199:17-79
	android:name
		ADDED from src/main/AndroidManifest.xml:199:25-76
action#android.intent.action.USER_PRESENT
ADDED from src/main/AndroidManifest.xml:200:17-77
	android:name
		ADDED from src/main/AndroidManifest.xml:200:25-74
action#com.igexin.sdk.action.refreshls
ADDED from src/main/AndroidManifest.xml:201:17-74
	android:name
		ADDED from src/main/AndroidManifest.xml:201:25-71
receiver#com.igexin.sdk.PushManagerReceiver
ADDED from src/main/AndroidManifest.xml:204:9-210:20
	android:exported
		ADDED from src/main/AndroidManifest.xml:206:13-37
	android:name
		ADDED from src/main/AndroidManifest.xml:205:13-62
intent-filter#com.igexin.sdk.action.pushmanager
ADDED from src/main/AndroidManifest.xml:207:13-209:29
action#com.igexin.sdk.action.pushmanager
ADDED from src/main/AndroidManifest.xml:208:17-76
	android:name
		ADDED from src/main/AndroidManifest.xml:208:25-73
activity#com.igexin.sdk.PushActivity
ADDED from src/main/AndroidManifest.xml:212:9-218:84
	android:theme
		ADDED from src/main/AndroidManifest.xml:218:13-72
	android:process
		ADDED from src/main/AndroidManifest.xml:216:13-43
	android:exported
		ADDED from src/main/AndroidManifest.xml:215:13-37
	android:excludeFromRecents
		ADDED from src/main/AndroidManifest.xml:214:13-46
	android:taskAffinity
		ADDED from src/main/AndroidManifest.xml:217:13-67
	android:name
		ADDED from src/main/AndroidManifest.xml:213:13-55
activity#com.igexin.getuiext.activity.GetuiExtActivity
ADDED from src/main/AndroidManifest.xml:220:9-227:40
	android:configChanges
		ADDED from src/main/AndroidManifest.xml:222:13-72
	android:theme
		ADDED from src/main/AndroidManifest.xml:226:13-72
	android:process
		ADDED from src/main/AndroidManifest.xml:224:13-43
	android:exported
		ADDED from src/main/AndroidManifest.xml:227:13-37
	android:excludeFromRecents
		ADDED from src/main/AndroidManifest.xml:223:13-46
	android:taskAffinity
		ADDED from src/main/AndroidManifest.xml:225:13-62
	android:name
		ADDED from src/main/AndroidManifest.xml:221:13-73
receiver#com.igexin.getuiext.service.PayloadReceiver
ADDED from src/main/AndroidManifest.xml:228:9-237:20
	android:exported
		ADDED from src/main/AndroidManifest.xml:230:13-37
	android:name
		ADDED from src/main/AndroidManifest.xml:229:13-71
intent-filter#com.igexin.sdk.action.7fjUl2Z3LH6xYy7NQK4ni4+com.igexin.sdk.action.syVq0NWMgYAJFW9JeeJRw9
ADDED from src/main/AndroidManifest.xml:231:13-236:29
action#com.igexin.sdk.action.7fjUl2Z3LH6xYy7NQK4ni4
ADDED from src/main/AndroidManifest.xml:233:17-87
	android:name
		ADDED from src/main/AndroidManifest.xml:233:25-84
service#com.igexin.getuiext.service.GetuiExtService
ADDED from src/main/AndroidManifest.xml:238:9-240:46
	android:process
		ADDED from src/main/AndroidManifest.xml:240:13-43
	android:name
		ADDED from src/main/AndroidManifest.xml:239:13-71
service#com.igexin.download.DownloadService
ADDED from src/main/AndroidManifest.xml:242:9-244:46
	android:process
		ADDED from src/main/AndroidManifest.xml:244:13-43
	android:name
		ADDED from src/main/AndroidManifest.xml:243:13-63
receiver#com.igexin.download.DownloadReceiver
ADDED from src/main/AndroidManifest.xml:245:9-249:20
	android:name
		ADDED from src/main/AndroidManifest.xml:245:19-70
intent-filter#android.net.conn.CONNECTIVITY_CHANGE
ADDED from src/main/AndroidManifest.xml:246:13-248:29
provider#com.igexin.download.DownloadProvider
ADDED from src/main/AndroidManifest.xml:250:9-253:69
	android:process
		ADDED from src/main/AndroidManifest.xml:252:13-43
	android:authorities
		ADDED from src/main/AndroidManifest.xml:253:13-66
	android:name
		ADDED from src/main/AndroidManifest.xml:251:13-64
meta-data#DATABASE
ADDED from src/main/AndroidManifest.xml:258:9-260:45
	android:name
		ADDED from src/main/AndroidManifest.xml:259:13-36
	android:value
		ADDED from src/main/AndroidManifest.xml:260:13-42
meta-data#VERSION
ADDED from src/main/AndroidManifest.xml:261:9-263:33
	android:name
		ADDED from src/main/AndroidManifest.xml:262:13-35
	android:value
		ADDED from src/main/AndroidManifest.xml:263:13-30
meta-data#QUERY_LOG
ADDED from src/main/AndroidManifest.xml:264:9-266:36
	android:name
		ADDED from src/main/AndroidManifest.xml:265:13-37
	android:value
		ADDED from src/main/AndroidManifest.xml:266:13-33
meta-data#DOMAIN_PACKAGE_NAME
ADDED from src/main/AndroidManifest.xml:267:9-269:53
	android:name
		ADDED from src/main/AndroidManifest.xml:268:13-47
	android:value
		ADDED from src/main/AndroidManifest.xml:269:13-50
uses-sdk
INJECTED from src/main/AndroidManifest.xml reason: use-sdk injection requested
MERGED from [com.android.support:recyclerview-v7:21.0.2] AndroidManifest.xml:15:5-42
MERGED from [com.android.support:support-v4:23.1.1] AndroidManifest.xml:20:5-43
MERGED from [com.android.support:appcompat-v7:21.0.2] AndroidManifest.xml:15:5-42
MERGED from [com.android.support:support-v4:23.1.1] AndroidManifest.xml:20:5-43
MERGED from [PaulDemo:sugar:unspecified] AndroidManifest.xml:7:5-9:41
MERGED from [com.android.support:appcompat-v7:21.0.2] AndroidManifest.xml:15:5-42
MERGED from [com.android.support:support-v4:23.1.1] AndroidManifest.xml:20:5-43
MERGED from [PaulDemo:circleindicator:unspecified] AndroidManifest.xml:7:5-9:41
MERGED from [com.android.support:appcompat-v7:21.0.2] AndroidManifest.xml:15:5-42
MERGED from [com.android.support:support-v4:23.1.1] AndroidManifest.xml:20:5-43
MERGED from [PaulDemo:utils:unspecified] AndroidManifest.xml:7:5-9:41
MERGED from [com.android.support:appcompat-v7:21.0.2] AndroidManifest.xml:15:5-42
MERGED from [com.android.support:support-v4:23.1.1] AndroidManifest.xml:20:5-43
MERGED from [io.reactivex:rxandroid:1.0.1] AndroidManifest.xml:19:5-43
MERGED from [com.android.support:support-v4:23.1.1] AndroidManifest.xml:20:5-43
	android:targetSdkVersion
		INJECTED from src/main/AndroidManifest.xml
		INJECTED from src/main/AndroidManifest.xml
	android:minSdkVersion
		INJECTED from src/main/AndroidManifest.xml
		INJECTED from src/main/AndroidManifest.xml
activity#android.support.v7.widget.TestActivity
ADDED from [com.android.support:recyclerview-v7:21.0.2] AndroidManifest.xml:18:9-115
	android:label
		ADDED from [com.android.support:recyclerview-v7:21.0.2] AndroidManifest.xml:18:19-59
	android:name
		ADDED from [com.android.support:recyclerview-v7:21.0.2] AndroidManifest.xml:18:60-113